Running: /opt/Xilinx/14.7/ISE_DS/ISE/bin/lin64/unwrapped/fuse -intstyle ise -incremental -lib secureip -o /home/pedro/Desktop/FPGA2-true/FPGA2/test_ula_isim_beh.exe -prj /home/pedro/Desktop/FPGA2-true/FPGA2/test_ula_beh.prj work.test_ula 
ISim P.20131013 (signature 0xfbc00daa)
Number of CPUs detected in this system: 4
Turning on mult-threading, number of parallel sub-compilation jobs: 8 
Determining compilation order of HDL files
Parsing VHDL file "/home/pedro/Desktop/FPGA2-true/FPGA2/SomaBloco.vhd" into library work
Parsing VHDL file "/home/pedro/Desktop/FPGA2-true/FPGA2/MultiplicaBloco.vhd" into library work
Parsing VHDL file "/home/pedro/Desktop/FPGA2-true/FPGA2/MultiplicaSetor.vhd" into library work
Parsing VHDL file "/home/pedro/Desktop/FPGA2-true/FPGA2/Somador.vhd" into library work
Parsing VHDL file "/home/pedro/Desktop/FPGA2-true/FPGA2/Multiplicador.vhd" into library work
Parsing VHDL file "/home/pedro/Desktop/FPGA2-true/FPGA2/ula.vhd" into library work
Parsing VHDL file "/home/pedro/Desktop/FPGA2-true/FPGA2/test_ula.vhd" into library work
Starting static elaboration
Completed static elaboration
Fuse Memory Usage: 98972 KB
Fuse CPU Usage: 1080 ms
Compiling package standard
Compiling package std_logic_1164
Compiling package std_logic_arith
Compiling package std_logic_unsigned
Compiling architecture behavioral of entity SomaBloco [somabloco_default]
Compiling architecture behavioral of entity Somador [somador_default]
Compiling package numeric_std
Compiling architecture behavioral of entity MultiplicaBloco [multiplicabloco_default]
Compiling architecture behavioral of entity MultiplicaSetor [multiplicasetor_default]
Compiling architecture behavioral of entity Multiplicador [multiplicador_default]
Compiling architecture behavioral of entity Ula [ula_default]
Compiling architecture behavior of entity test_ula
Time Resolution for simulation is 1ps.
Waiting for 1 sub-compilation(s) to finish...
Compiled 18 VHDL Units
Built simulation executable /home/pedro/Desktop/FPGA2-true/FPGA2/test_ula_isim_beh.exe
Fuse Memory Usage: 675136 KB
Fuse CPU Usage: 1230 ms
GCC CPU Usage: 630 ms
