Release 14.7 - xst P.20131013 (lin64)
Copyright (c) 1995-2013 Xilinx, Inc.  All rights reserved.
--> 
Parameter TMPDIR set to xst/projnav.tmp


Total REAL time to Xst completion: 0.00 secs
Total CPU time to Xst completion: 0.07 secs
 
--> 
Parameter xsthdpdir set to xst


Total REAL time to Xst completion: 0.00 secs
Total CPU time to Xst completion: 0.07 secs
 
--> 
Reading design: MultiplicaBloco.prj

TABLE OF CONTENTS
  1) Synthesis Options Summary
  2) HDL Parsing
  3) HDL Elaboration
  4) HDL Synthesis
       4.1) HDL Synthesis Report
  5) Advanced HDL Synthesis
       5.1) Advanced HDL Synthesis Report
  6) Low Level Synthesis
  7) Partition Report
  8) Design Summary
       8.1) Primitive and Black Box Usage
       8.2) Device utilization summary
       8.3) Partition Resource Summary
       8.4) Timing Report
            8.4.1) Clock Information
            8.4.2) Asynchronous Control Signals Information
            8.4.3) Timing Summary
            8.4.4) Timing Details
            8.4.5) Cross Clock Domains Report


=========================================================================
*                      Synthesis Options Summary                        *
=========================================================================
---- Source Parameters
Input File Name                    : "MultiplicaBloco.prj"
Ignore Synthesis Constraint File   : NO

---- Target Parameters
Output File Name                   : "MultiplicaBloco"
Output Format                      : NGC
Target Device                      : xc7a100t-3-csg324

---- Source Options
Top Module Name                    : MultiplicaBloco
Automatic FSM Extraction           : YES
FSM Encoding Algorithm             : Auto
Safe Implementation                : No
FSM Style                          : LUT
RAM Extraction                     : Yes
RAM Style                          : Auto
ROM Extraction                     : Yes
Shift Register Extraction          : YES
ROM Style                          : Auto
Resource Sharing                   : YES
Asynchronous To Synchronous        : NO
Shift Register Minimum Size        : 2
Use DSP Block                      : Auto
Automatic Register Balancing       : No

---- Target Options
LUT Combining                      : Auto
Reduce Control Sets                : Auto
Add IO Buffers                     : YES
Global Maximum Fanout              : 100000
Add Generic Clock Buffer(BUFG)     : 32
Register Duplication               : YES
Optimize Instantiated Primitives   : NO
Use Clock Enable                   : Auto
Use Synchronous Set                : Auto
Use Synchronous Reset              : Auto
Pack IO Registers into IOBs        : Auto
Equivalent register Removal        : YES

---- General Options
Optimization Goal                  : Speed
Optimization Effort                : 1
Power Reduction                    : NO
Keep Hierarchy                     : No
Netlist Hierarchy                  : As_Optimized
RTL Output                         : Yes
Global Optimization                : AllClockNets
Read Cores                         : YES
Write Timing Constraints           : NO
Cross Clock Analysis               : NO
Hierarchy Separator                : /
Bus Delimiter                      : <>
Case Specifier                     : Maintain
Slice Utilization Ratio            : 100
BRAM Utilization Ratio             : 100
DSP48 Utilization Ratio            : 100
Auto BRAM Packing                  : NO
Slice Utilization Ratio Delta      : 5

=========================================================================


=========================================================================
*                          HDL Parsing                                  *
=========================================================================
Parsing VHDL file "/home/sd/Desktop/FPGA2/MultiplicaBloco.vhd" into library work
Parsing entity <MultiplicaBloco>.
Parsing architecture <Behavioral> of entity <multiplicabloco>.

=========================================================================
*                            HDL Elaboration                            *
=========================================================================

Elaborating entity <MultiplicaBloco> (architecture <Behavioral>) from library <work>.

=========================================================================
*                           HDL Synthesis                               *
=========================================================================

Synthesizing Unit <MultiplicaBloco>.
    Related source file is "/home/sd/Desktop/FPGA2/MultiplicaBloco.vhd".
    Found 4x4-bit multiplier for signal <res> created at line 51.
    Summary:
	inferred   1 Multiplier(s).
Unit <MultiplicaBloco> synthesized.

Synthesizing Unit <div_8u_4u>.
    Related source file is "".
    Found 12-bit adder for signal <GND_6_o_b[3]_add_1_OUT> created at line 0.
    Found 11-bit adder for signal <GND_6_o_b[3]_add_3_OUT> created at line 0.
    Found 10-bit adder for signal <GND_6_o_b[3]_add_5_OUT> created at line 0.
    Found 9-bit adder for signal <GND_6_o_b[3]_add_7_OUT> created at line 0.
    Found 8-bit adder for signal <a[7]_b[3]_add_9_OUT> created at line 0.
    Found 8-bit adder for signal <a[7]_GND_6_o_add_11_OUT[7:0]> created at line 0.
    Found 8-bit adder for signal <a[7]_GND_6_o_add_13_OUT[7:0]> created at line 0.
    Found 8-bit adder for signal <a[7]_GND_6_o_add_15_OUT[7:0]> created at line 0.
    Found 12-bit comparator lessequal for signal <BUS_0001> created at line 0
    Found 11-bit comparator lessequal for signal <BUS_0002> created at line 0
    Found 10-bit comparator lessequal for signal <BUS_0003> created at line 0
    Found 9-bit comparator lessequal for signal <BUS_0004> created at line 0
    Found 8-bit comparator lessequal for signal <BUS_0005> created at line 0
    Found 8-bit comparator lessequal for signal <BUS_0006> created at line 0
    Found 8-bit comparator lessequal for signal <BUS_0007> created at line 0
    Found 8-bit comparator lessequal for signal <BUS_0008> created at line 0
    Found 8-bit comparator lessequal for signal <BUS_0009> created at line 0
    Summary:
	inferred   8 Adder/Subtractor(s).
	inferred   9 Comparator(s).
	inferred  43 Multiplexer(s).
Unit <div_8u_4u> synthesized.

Synthesizing Unit <rem_8u_4u>.
    Related source file is "".
    Found 12-bit adder for signal <GND_7_o_b[3]_add_1_OUT> created at line 0.
    Found 11-bit adder for signal <GND_7_o_b[3]_add_3_OUT> created at line 0.
    Found 10-bit adder for signal <GND_7_o_b[3]_add_5_OUT> created at line 0.
    Found 9-bit adder for signal <GND_7_o_b[3]_add_7_OUT> created at line 0.
    Found 8-bit adder for signal <a[7]_b[3]_add_9_OUT> created at line 0.
    Found 8-bit adder for signal <a[7]_GND_7_o_add_11_OUT> created at line 0.
    Found 8-bit adder for signal <a[7]_GND_7_o_add_13_OUT> created at line 0.
    Found 8-bit adder for signal <a[7]_GND_7_o_add_15_OUT> created at line 0.
    Found 8-bit adder for signal <a[7]_GND_7_o_add_17_OUT> created at line 0.
    Found 12-bit comparator lessequal for signal <BUS_0001> created at line 0
    Found 11-bit comparator lessequal for signal <BUS_0002> created at line 0
    Found 10-bit comparator lessequal for signal <BUS_0003> created at line 0
    Found 9-bit comparator lessequal for signal <BUS_0004> created at line 0
    Found 8-bit comparator lessequal for signal <BUS_0005> created at line 0
    Found 8-bit comparator lessequal for signal <BUS_0006> created at line 0
    Found 8-bit comparator lessequal for signal <BUS_0007> created at line 0
    Found 8-bit comparator lessequal for signal <BUS_0008> created at line 0
    Found 8-bit comparator lessequal for signal <BUS_0009> created at line 0
    Summary:
	inferred   9 Adder/Subtractor(s).
	inferred   9 Comparator(s).
	inferred  65 Multiplexer(s).
Unit <rem_8u_4u> synthesized.

=========================================================================
HDL Synthesis Report

Macro Statistics
# Multipliers                                          : 1
 4x4-bit multiplier                                    : 1
# Adders/Subtractors                                   : 17
 10-bit adder                                          : 2
 11-bit adder                                          : 2
 12-bit adder                                          : 2
 8-bit adder                                           : 9
 9-bit adder                                           : 2
# Comparators                                          : 18
 10-bit comparator lessequal                           : 2
 11-bit comparator lessequal                           : 2
 12-bit comparator lessequal                           : 2
 8-bit comparator lessequal                            : 10
 9-bit comparator lessequal                            : 2
# Multiplexers                                         : 108
 1-bit 2-to-1 multiplexer                              : 104
 4-bit 2-to-1 multiplexer                              : 1
 8-bit 2-to-1 multiplexer                              : 3

=========================================================================

=========================================================================
*                       Advanced HDL Synthesis                          *
=========================================================================


=========================================================================
Advanced HDL Synthesis Report

Macro Statistics
# Multipliers                                          : 1
 4x4-bit multiplier                                    : 1
# Adders/Subtractors                                   : 17
 4-bit adder                                           : 1
 8-bit adder                                           : 16
# Comparators                                          : 18
 10-bit comparator lessequal                           : 2
 11-bit comparator lessequal                           : 2
 12-bit comparator lessequal                           : 2
 8-bit comparator lessequal                            : 10
 9-bit comparator lessequal                            : 2
# Multiplexers                                         : 108
 1-bit 2-to-1 multiplexer                              : 104
 4-bit 2-to-1 multiplexer                              : 1
 8-bit 2-to-1 multiplexer                              : 3

=========================================================================

=========================================================================
*                         Low Level Synthesis                           *
=========================================================================

Optimizing unit <MultiplicaBloco> ...

Mapping all equations...
Building and optimizing final netlist ...
Found area constraint ratio of 100 (+ 5) on block MultiplicaBloco, actual ratio is 0.

Final Macro Processing ...

=========================================================================
Final Register Report

Found no macro
=========================================================================

=========================================================================
*                           Partition Report                            *
=========================================================================

Partition Implementation Status
-------------------------------

  No Partitions were found in this design.

-------------------------------

=========================================================================
*                            Design Summary                             *
=========================================================================

Top Level Output File Name         : MultiplicaBloco.ngc

Primitive and Black Box Usage:
------------------------------
# BELS                             : 42
#      GND                         : 1
#      LUT2                        : 3
#      LUT4                        : 5
#      LUT5                        : 7
#      LUT6                        : 13
#      MUXCY                       : 6
#      XORCY                       : 7
# IO Buffers                       : 16
#      IBUF                        : 8
#      OBUF                        : 8

Device utilization summary:
---------------------------

Selected Device : 7a100tcsg324-3 


Slice Logic Utilization: 
 Number of Slice LUTs:                   28  out of  63400     0%  
    Number used as Logic:                28  out of  63400     0%  

Slice Logic Distribution: 
 Number of LUT Flip Flop pairs used:     28
   Number with an unused Flip Flop:      28  out of     28   100%  
   Number with an unused LUT:             0  out of     28     0%  
   Number of fully used LUT-FF pairs:     0  out of     28     0%  
   Number of unique control sets:         0

IO Utilization: 
 Number of IOs:                          16
 Number of bonded IOBs:                  16  out of    210     7%  

Specific Feature Utilization:

---------------------------
Partition Resource Summary:
---------------------------

  No Partitions were found in this design.

---------------------------


=========================================================================
Timing Report

NOTE: THESE TIMING NUMBERS ARE ONLY A SYNTHESIS ESTIMATE.
      FOR ACCURATE TIMING INFORMATION PLEASE REFER TO THE TRACE REPORT
      GENERATED AFTER PLACE-and-ROUTE.

Clock Information:
------------------
No clock signals found in this design

Asynchronous Control Signals Information:
----------------------------------------
No asynchronous control signals found in this design

Timing Summary:
---------------
Speed Grade: -3

   Minimum period: No path found
   Minimum input arrival time before clock: No path found
   Maximum output required time after clock: No path found
   Maximum combinational path delay: 4.778ns

Timing Details:
---------------
All values displayed in nanoseconds (ns)

=========================================================================
Timing constraint: Default path analysis
  Total number of paths / destination ports: 6298 / 8
-------------------------------------------------------------------------
Delay:               4.778ns (Levels of Logic = 10)
  Source:            A<3> (PAD)
  Destination:       C<4> (PAD)

  Data Path: A<3> to C<4>
                                Gate     Net
    Cell:in->out      fanout   Delay   Delay  Logical Name (Net Name)
    ----------------------------------------  ------------
     IBUF:I->O            10   0.001   0.598  A_3_IBUF (A_3_IBUF)
     LUT4:I0->O            1   0.097   0.693  Mmult_res_Madd1_lut<4>1 (Mmult_res_Madd1_lut<4>)
     LUT6:I0->O            1   0.097   0.693  Mmult_res_Madd1_xor<4>11 (Mmult_res_Madd_41)
     LUT6:I0->O            1   0.097   0.000  Mmult_res_Madd2_lut<4> (Mmult_res_Madd2_lut<4>)
     MUXCY:S->O            1   0.353   0.000  Mmult_res_Madd2_cy<4> (Mmult_res_Madd2_cy<4>)
     MUXCY:CI->O           1   0.023   0.000  Mmult_res_Madd2_cy<5> (Mmult_res_Madd2_cy<5>)
     XORCY:CI->O           4   0.370   0.570  Mmult_res_Madd2_xor<6> (res<6>)
     LUT5:I1->O            5   0.097   0.712  res[7]_PWR_4_o_rem_2/Mmux_a[5]_a[7]_MUX_193_o11 (res[7]_PWR_4_o_rem_2/a[5]_a[7]_MUX_193_o)
     LUT6:I0->O            1   0.097   0.279  C<4>11 (C_4_OBUF)
     OBUF:I->O                 0.000          C_4_OBUF (C<4>)
    ----------------------------------------
    Total                      4.778ns (1.232ns logic, 3.546ns route)
                                       (25.8% logic, 74.2% route)

=========================================================================

Cross Clock Domains Report:
--------------------------

=========================================================================


Total REAL time to Xst completion: 12.00 secs
Total CPU time to Xst completion: 11.58 secs
 
--> 


Total memory usage is 594864 kilobytes

Number of errors   :    0 (   0 filtered)
Number of warnings :    0 (   0 filtered)
Number of infos    :    0 (   0 filtered)

