Release 14.7 - xst P.20131013 (lin64)
Copyright (c) 1995-2013 Xilinx, Inc.  All rights reserved.
--> 
Parameter TMPDIR set to xst/projnav.tmp


Total REAL time to Xst completion: 0.00 secs
Total CPU time to Xst completion: 0.05 secs
 
--> 
Parameter xsthdpdir set to xst


Total REAL time to Xst completion: 0.00 secs
Total CPU time to Xst completion: 0.05 secs
 
--> 
Reading design: Somador.prj

TABLE OF CONTENTS
  1) Synthesis Options Summary
  2) HDL Parsing
  3) HDL Elaboration
  4) HDL Synthesis
       4.1) HDL Synthesis Report
  5) Advanced HDL Synthesis
       5.1) Advanced HDL Synthesis Report
  6) Low Level Synthesis
  7) Partition Report
  8) Design Summary
       8.1) Primitive and Black Box Usage
       8.2) Device utilization summary
       8.3) Partition Resource Summary
       8.4) Timing Report
            8.4.1) Clock Information
            8.4.2) Asynchronous Control Signals Information
            8.4.3) Timing Summary
            8.4.4) Timing Details
            8.4.5) Cross Clock Domains Report


=========================================================================
*                      Synthesis Options Summary                        *
=========================================================================
---- Source Parameters
Input File Name                    : "Somador.prj"
Ignore Synthesis Constraint File   : NO

---- Target Parameters
Output File Name                   : "Somador"
Output Format                      : NGC
Target Device                      : xc7a100t-3-csg324

---- Source Options
Top Module Name                    : Somador
Automatic FSM Extraction           : YES
FSM Encoding Algorithm             : Auto
Safe Implementation                : No
FSM Style                          : LUT
RAM Extraction                     : Yes
RAM Style                          : Auto
ROM Extraction                     : Yes
Shift Register Extraction          : YES
ROM Style                          : Auto
Resource Sharing                   : YES
Asynchronous To Synchronous        : NO
Shift Register Minimum Size        : 2
Use DSP Block                      : Auto
Automatic Register Balancing       : No

---- Target Options
LUT Combining                      : Auto
Reduce Control Sets                : Auto
Add IO Buffers                     : YES
Global Maximum Fanout              : 100000
Add Generic Clock Buffer(BUFG)     : 32
Register Duplication               : YES
Optimize Instantiated Primitives   : NO
Use Clock Enable                   : Auto
Use Synchronous Set                : Auto
Use Synchronous Reset              : Auto
Pack IO Registers into IOBs        : Auto
Equivalent register Removal        : YES

---- General Options
Optimization Goal                  : Speed
Optimization Effort                : 1
Power Reduction                    : NO
Keep Hierarchy                     : No
Netlist Hierarchy                  : As_Optimized
RTL Output                         : Yes
Global Optimization                : AllClockNets
Read Cores                         : YES
Write Timing Constraints           : NO
Cross Clock Analysis               : NO
Hierarchy Separator                : /
Bus Delimiter                      : <>
Case Specifier                     : Maintain
Slice Utilization Ratio            : 100
BRAM Utilization Ratio             : 100
DSP48 Utilization Ratio            : 100
Auto BRAM Packing                  : NO
Slice Utilization Ratio Delta      : 5

=========================================================================


=========================================================================
*                          HDL Parsing                                  *
=========================================================================
Parsing VHDL file "/home/pedro/EEL480-Sistemas-Digitais/SomaBloco.vhd" into library work
Parsing entity <SomaBloco>.
Parsing architecture <Behavioral> of entity <somabloco>.
Parsing VHDL file "/home/pedro/EEL480-Sistemas-Digitais/Somador.vhd" into library work
Parsing entity <Somador>.
Parsing architecture <Behavioral> of entity <somador>.

=========================================================================
*                            HDL Elaboration                            *
=========================================================================

Elaborating entity <Somador> (architecture <Behavioral>) from library <work>.

Elaborating entity <SomaBloco> (architecture <Behavioral>) from library <work>.

=========================================================================
*                           HDL Synthesis                               *
=========================================================================

Synthesizing Unit <Somador>.
    Related source file is "/home/pedro/EEL480-Sistemas-Digitais/Somador.vhd".
    Summary:
	no macro.
Unit <Somador> synthesized.

Synthesizing Unit <SomaBloco>.
    Related source file is "/home/pedro/EEL480-Sistemas-Digitais/SomaBloco.vhd".
    Found 5-bit adder for signal <n0039> created at line 57.
    Found 5-bit adder for signal <C1> created at line 57.
    Found 5-bit subtractor for signal <GND_6_o_GND_6_o_sub_8_OUT<4:0>> created at line 65.
    Found 5-bit subtractor for signal <GND_6_o_GND_6_o_sub_9_OUT<4:0>> created at line 68.
    Found 5-bit comparator greater for signal <C1[4]_GND_6_o_LessThan_6_o> created at line 61
    Found 5-bit comparator greater for signal <C1[4]_PWR_6_o_LessThan_7_o> created at line 64
    Summary:
	inferred   4 Adder/Subtractor(s).
	inferred   2 Comparator(s).
	inferred   3 Multiplexer(s).
Unit <SomaBloco> synthesized.

=========================================================================
HDL Synthesis Report

Macro Statistics
# Adders/Subtractors                                   : 32
 5-bit adder                                           : 16
 5-bit subtractor                                      : 16
# Comparators                                          : 16
 5-bit comparator greater                              : 16
# Multiplexers                                         : 24
 5-bit 2-to-1 multiplexer                              : 24

=========================================================================

=========================================================================
*                       Advanced HDL Synthesis                          *
=========================================================================


=========================================================================
Advanced HDL Synthesis Report

Macro Statistics
# Adders/Subtractors                                   : 32
 5-bit adder                                           : 16
 5-bit subtractor                                      : 16
# Comparators                                          : 16
 5-bit comparator greater                              : 16
# Multiplexers                                         : 24
 5-bit 2-to-1 multiplexer                              : 24

=========================================================================

=========================================================================
*                         Low Level Synthesis                           *
=========================================================================

Optimizing unit <Somador> ...

Optimizing unit <SomaBloco> ...

Mapping all equations...
Building and optimizing final netlist ...
Found area constraint ratio of 100 (+ 5) on block Somador, actual ratio is 0.

Final Macro Processing ...

=========================================================================
Final Register Report

Found no macro
=========================================================================

=========================================================================
*                           Partition Report                            *
=========================================================================

Partition Implementation Status
-------------------------------

  No Partitions were found in this design.

-------------------------------

=========================================================================
*                            Design Summary                             *
=========================================================================

Top Level Output File Name         : Somador.ngc

Primitive and Black Box Usage:
------------------------------
# BELS                             : 106
#      GND                         : 1
#      LUT3                        : 25
#      LUT5                        : 70
#      LUT6                        : 10
# IO Buffers                       : 104
#      IBUF                        : 68
#      OBUF                        : 36

Device utilization summary:
---------------------------

Selected Device : 7a100tcsg324-3 


Slice Logic Utilization: 
 Number of Slice LUTs:                  105  out of  63400     0%  
    Number used as Logic:               105  out of  63400     0%  

Slice Logic Distribution: 
 Number of LUT Flip Flop pairs used:    105
   Number with an unused Flip Flop:     105  out of    105   100%  
   Number with an unused LUT:             0  out of    105     0%  
   Number of fully used LUT-FF pairs:     0  out of    105     0%  
   Number of unique control sets:         0

IO Utilization: 
 Number of IOs:                         104
 Number of bonded IOBs:                 104  out of    210    49%  

Specific Feature Utilization:

---------------------------
Partition Resource Summary:
---------------------------

  No Partitions were found in this design.

---------------------------


=========================================================================
Timing Report

NOTE: THESE TIMING NUMBERS ARE ONLY A SYNTHESIS ESTIMATE.
      FOR ACCURATE TIMING INFORMATION PLEASE REFER TO THE TRACE REPORT
      GENERATED AFTER PLACE-and-ROUTE.

Clock Information:
------------------
No clock signals found in this design

Asynchronous Control Signals Information:
----------------------------------------
No asynchronous control signals found in this design

Timing Summary:
---------------
Speed Grade: -3

   Minimum period: No path found
   Minimum input arrival time before clock: No path found
   Maximum output required time after clock: No path found
   Maximum combinational path delay: 21.946ns

Timing Details:
---------------
All values displayed in nanoseconds (ns)

=========================================================================
Timing constraint: Default path analysis
  Total number of paths / destination ports: 11618685723 / 34
-------------------------------------------------------------------------
Delay:               21.946ns (Levels of Logic = 34)
  Source:            B<1> (PAD)
  Destination:       C<31> (PAD)

  Data Path: B<1> to C<31>
                                Gate     Net
    Cell:in->out      fanout   Delay   Delay  Logical Name (Net Name)
    ----------------------------------------  ------------
     IBUF:I->O             3   0.001   0.521  B_1_IBUF (B_1_IBUF)
     LUT3:I0->O            1   0.097   0.693  Soma0/Madd_C111 (Soma0/Madd_C11)
     LUT6:I0->O            2   0.097   0.299  Soma0/Madd_C1_cy<0>31 (Soma0/Madd_C1_cy<0>2)
     LUT5:I4->O            5   0.097   0.702  Soma0/Madd_C1_xor<0>51 (Soma0/C1<4>)
     LUT5:I0->O            3   0.097   0.389  Soma0/Mmux_COUT021 (cout0<1>)
     LUT3:I1->O            1   0.097   0.683  Soma1/Madd_C111 (Soma1/Madd_C11)
     LUT5:I0->O            2   0.097   0.560  Soma1/Madd_C1_cy<0>31 (Soma1/Madd_C1_cy<0>2)
     LUT5:I1->O            5   0.097   0.702  Soma1/Madd_C1_xor<0>51 (Soma1/C1<4>)
     LUT5:I0->O            3   0.097   0.389  Soma1/Mmux_COUT021 (cout1<1>)
     LUT3:I1->O            1   0.097   0.683  Soma2/Madd_C111 (Soma2/Madd_C11)
     LUT5:I0->O            2   0.097   0.561  Soma2/Madd_C1_cy<0>31 (Soma2/Madd_C1_cy<0>2)
     LUT5:I1->O            5   0.097   0.702  Soma2/Madd_C1_xor<0>51 (Soma2/C1<4>)
     LUT5:I0->O            3   0.097   0.389  Soma2/Mmux_COUT021 (cout2<1>)
     LUT3:I1->O            1   0.097   0.683  Soma3/Madd_C111 (Soma3/Madd_C11)
     LUT5:I0->O            2   0.097   0.561  Soma3/Madd_C1_cy<0>31 (Soma3/Madd_C1_cy<0>2)
     LUT5:I1->O            5   0.097   0.702  Soma3/Madd_C1_xor<0>51 (Soma3/C1<4>)
     LUT5:I0->O            3   0.097   0.389  Soma3/Mmux_COUT021 (cout3<1>)
     LUT3:I1->O            1   0.097   0.683  Soma4/Madd_C111 (Soma4/Madd_C11)
     LUT5:I0->O            2   0.097   0.561  Soma4/Madd_C1_cy<0>31 (Soma4/Madd_C1_cy<0>2)
     LUT5:I1->O            5   0.097   0.702  Soma4/Madd_C1_xor<0>51 (Soma4/C1<4>)
     LUT5:I0->O            3   0.097   0.389  Soma4/Mmux_COUT021 (cout4<1>)
     LUT3:I1->O            1   0.097   0.683  Soma5/Madd_C111 (Soma5/Madd_C11)
     LUT5:I0->O            2   0.097   0.561  Soma5/Madd_C1_cy<0>31 (Soma5/Madd_C1_cy<0>2)
     LUT5:I1->O            5   0.097   0.702  Soma5/Madd_C1_xor<0>51 (Soma5/C1<4>)
     LUT5:I0->O            3   0.097   0.389  Soma5/Mmux_COUT021 (cout5<1>)
     LUT3:I1->O            1   0.097   0.683  Soma6/Madd_C111 (Soma6/Madd_C11)
     LUT5:I0->O            2   0.097   0.561  Soma6/Madd_C1_cy<0>31 (Soma6/Madd_C1_cy<0>2)
     LUT5:I1->O            5   0.097   0.702  Soma6/Madd_C1_xor<0>51 (Soma6/C1<4>)
     LUT5:I0->O            3   0.097   0.389  Soma6/Mmux_COUT021 (cout6<1>)
     LUT3:I1->O            1   0.097   0.683  Soma7/Madd_C111 (Soma7/Madd_C11)
     LUT5:I0->O            2   0.097   0.561  Soma7/Madd_C1_cy<0>31 (Soma7/Madd_C1_cy<0>2)
     LUT5:I1->O            5   0.097   0.702  Soma7/Madd_C1_xor<0>51 (Soma7/C1<4>)
     LUT5:I0->O            1   0.097   0.279  Soma7/Mmux_C021 (C_29_OBUF)
     OBUF:I->O                 0.000          C_29_OBUF (C<29>)
    ----------------------------------------
    Total                     21.946ns (3.105ns logic, 18.841ns route)
                                       (14.1% logic, 85.9% route)

=========================================================================

Cross Clock Domains Report:
--------------------------

=========================================================================


Total REAL time to Xst completion: 8.00 secs
Total CPU time to Xst completion: 7.83 secs
 
--> 


Total memory usage is 506852 kilobytes

Number of errors   :    0 (   0 filtered)
Number of warnings :    0 (   0 filtered)
Number of infos    :    0 (   0 filtered)

